<?xml version="1.0" encoding="UTF-8"?>
<!-- Generated by org.testng.reporters.JUnitXMLReporter -->
<testsuite ignored="0" hostname="LAPTOP-HMLBATVJ" failures="0" tests="5" name="Default test" time="12.108" errors="0" timestamp="2022-12-28T13:07:44 IST">
  <testcase classname="Myntra.Shoping" name="browserLaunch" time="10.617"/>
  <testcase classname="Myntra.Shoping" name="productCost" time="1.32"/>
  <testcase classname="Myntra.Shoping" name="titleProduct" time="0.031"/>
  <testcase classname="Myntra.Shoping" name="subproduct" time="0.032"/>
  <testcase classname="Myntra.Shoping" name="subproductname" time="0.031"/>
</testsuite> <!-- Default test -->
