<?xml version="1.0" encoding="UTF-8"?>
<testng-results ignored="0" total="5" passed="5" failed="0" skipped="0">
  <reporter-output>
  </reporter-output>
  <suite started-at="2022-12-28T13:07:32 IST" name="Default suite" finished-at="2022-12-28T13:07:44 IST" duration-ms="12108">
    <groups>
    </groups>
    <test started-at="2022-12-28T13:07:32 IST" name="Default test" finished-at="2022-12-28T13:07:44 IST" duration-ms="12108">
      <class name="Myntra.Shoping">
        <test-method signature="browserLaunch()[pri:1, instance:Myntra.Shoping@72cde7cc]" started-at="2022-12-28T13:07:32 IST" name="browserLaunch" finished-at="2022-12-28T13:07:43 IST" duration-ms="10617" status="PASS">
          <reporter-output>
          </reporter-output>
        </test-method> <!-- browserLaunch -->
        <test-method signature="productCost()[pri:3, instance:Myntra.Shoping@72cde7cc]" started-at="2022-12-28T13:07:43 IST" name="productCost" finished-at="2022-12-28T13:07:44 IST" duration-ms="1320" status="PASS">
          <reporter-output>
          </reporter-output>
        </test-method> <!-- productCost -->
        <test-method signature="titleProduct()[pri:4, instance:Myntra.Shoping@72cde7cc]" started-at="2022-12-28T13:07:44 IST" name="titleProduct" finished-at="2022-12-28T13:07:44 IST" duration-ms="31" status="PASS">
          <reporter-output>
          </reporter-output>
        </test-method> <!-- titleProduct -->
        <test-method signature="subproduct()[pri:5, instance:Myntra.Shoping@72cde7cc]" started-at="2022-12-28T13:07:44 IST" name="subproduct" finished-at="2022-12-28T13:07:44 IST" duration-ms="32" status="PASS">
          <reporter-output>
          </reporter-output>
        </test-method> <!-- subproduct -->
        <test-method signature="subproductname()[pri:6, instance:Myntra.Shoping@72cde7cc]" started-at="2022-12-28T13:07:44 IST" name="subproductname" finished-at="2022-12-28T13:07:44 IST" duration-ms="31" status="PASS">
          <reporter-output>
          </reporter-output>
        </test-method> <!-- subproductname -->
      </class> <!-- Myntra.Shoping -->
    </test> <!-- Default test -->
  </suite> <!-- Default suite -->
</testng-results>
